当前接口探测仅做参考
✅ 找到 113 个 API 接口（已去重）:

GET    /captchaImage                            (getCode in CaptchaController.java)
GET    /common/download                         (fileDownload in CommonController.java)
GET    /common/download/resource                (resourceDownload in CommonController.java)
POST   /common/upload                           (uploadFile in CommonController.java)
POST   /common/uploads                          (uploadFiles in CommonController.java)
GET    /getInfo                                 (getInfo in SysLoginController.java)
GET    /getRouters                              (getRouters in SysLoginController.java)
POST   /login                                   (login in SysLoginController.java)
GET    /monitor/cache                           (getInfo in CacheController.java)
DELETE /monitor/cache/clearCacheAll             (clearCacheAll in CacheController.java)
DELETE /monitor/cache/clearCacheKey/{cacheKey}  (clearCacheKey in CacheController.java)
DELETE /monitor/cache/clearCacheName/{cacheName} (clearCacheName in CacheController.java)
GET    /monitor/cache/getKeys/{cacheName}       (getCacheKeys in CacheController.java)
GET    /monitor/cache/getNames                  (cache in CacheController.java)
GET    /monitor/cache/getValue/{cacheName}/{cacheKey} (getCacheValue in CacheController.java)
DELETE /monitor/logininfor/clean                (clean in SysLogininforController.java)
POST   /monitor/logininfor/export               (export in SysLogininforController.java)
GET    /monitor/logininfor/list                 (list in SysLogininforController.java)
GET    /monitor/logininfor/unlock/{userName}    (unlock in SysLogininforController.java)
DELETE /monitor/logininfor/{infoIds}            (remove in SysLogininforController.java)
GET    /monitor/online/list                     (list in SysUserOnlineController.java)
DELETE /monitor/online/{tokenId}                (forceLogout in SysUserOnlineController.java)
DELETE /monitor/operlog/clean                   (clean in SysOperlogController.java)
POST   /monitor/operlog/export                  (export in SysOperlogController.java)
GET    /monitor/operlog/list                    (list in SysOperlogController.java)
DELETE /monitor/operlog/{operIds}               (remove in SysOperlogController.java)
GET    /monitor/server                          (getInfo in ServerController.java)
POST   /register                                (register in SysRegisterController.java)
GET    /system/config                           (getInfo in SysConfigController.java)
POST   /system/config                           (add in SysConfigController.java)
PUT    /system/config                           (edit in SysConfigController.java)
POST   /system/config/export                    (export in SysConfigController.java)
GET    /system/config/list                      (list in SysConfigController.java)
DELETE /system/config/refreshCache              (refreshCache in SysConfigController.java)
DELETE /system/config/{configIds}               (remove in SysConfigController.java)
GET    /system/dept                             (getInfo in SysDeptController.java)
POST   /system/dept                             (add in SysDeptController.java)
PUT    /system/dept                             (edit in SysDeptController.java)
GET    /system/dept/list                        (list in SysDeptController.java)
GET    /system/dept/list/exclude/{deptId}       (excludeChild in SysDeptController.java)
DELETE /system/dept/{deptId}                    (remove in SysDeptController.java)
GET    /system/dict/data                        (getInfo in SysDictDataController.java)
POST   /system/dict/data                        (add in SysDictDataController.java)
PUT    /system/dict/data                        (edit in SysDictDataController.java)
POST   /system/dict/data/export                 (export in SysDictDataController.java)
GET    /system/dict/data/list                   (list in SysDictDataController.java)
DELETE /system/dict/data/{dictCodes}            (remove in SysDictDataController.java)
GET    /system/dict/type                        (getInfo in SysDictTypeController.java)
POST   /system/dict/type                        (add in SysDictTypeController.java)
PUT    /system/dict/type                        (edit in SysDictTypeController.java)
POST   /system/dict/type/export                 (export in SysDictTypeController.java)
GET    /system/dict/type/list                   (list in SysDictTypeController.java)
GET    /system/dict/type/optionselect           (optionselect in SysDictTypeController.java)
DELETE /system/dict/type/refreshCache           (refreshCache in SysDictTypeController.java)
DELETE /system/dict/type/{dictIds}              (remove in SysDictTypeController.java)
GET    /system/menu                             (getInfo in SysMenuController.java)
POST   /system/menu                             (add in SysMenuController.java)
PUT    /system/menu                             (edit in SysMenuController.java)
GET    /system/menu/list                        (list in SysMenuController.java)
GET    /system/menu/treeselect                  (treeselect in SysMenuController.java)
DELETE /system/menu/{menuId}                    (remove in SysMenuController.java)
GET    /system/notice                           (getInfo in SysNoticeController.java)
POST   /system/notice                           (add in SysNoticeController.java)
PUT    /system/notice                           (edit in SysNoticeController.java)
GET    /system/notice/list                      (list in SysNoticeController.java)
DELETE /system/notice/{noticeIds}               (remove in SysNoticeController.java)
GET    /system/post                             (getInfo in SysPostController.java)
POST   /system/post                             (add in SysPostController.java)
PUT    /system/post                             (edit in SysPostController.java)
POST   /system/post/export                      (export in SysPostController.java)
GET    /system/post/list                        (list in SysPostController.java)
GET    /system/post/optionselect                (optionselect in SysPostController.java)
DELETE /system/post/{postIds}                   (remove in SysPostController.java)
GET    /system/role                             (getInfo in SysRoleController.java)
POST   /system/role                             (add in SysRoleController.java)
PUT    /system/role                             (edit in SysRoleController.java)
GET    /system/role/authUser/allocatedList      (allocatedList in SysRoleController.java)
PUT    /system/role/authUser/cancel             (cancelAuthUser in SysRoleController.java)
PUT    /system/role/authUser/cancelAll          (cancelAuthUserAll in SysRoleController.java)
PUT    /system/role/authUser/selectAll          (selectAuthUserAll in SysRoleController.java)
GET    /system/role/authUser/unallocatedList    (unallocatedList in SysRoleController.java)
PUT    /system/role/changeStatus                (changeStatus in SysRoleController.java)
PUT    /system/role/dataScope                   (dataScope in SysRoleController.java)
POST   /system/role/export                      (export in SysRoleController.java)
GET    /system/role/list                        (list in SysRoleController.java)
GET    /system/role/optionselect                (optionselect in SysRoleController.java)
DELETE /system/role/{roleIds}                   (remove in SysRoleController.java)
GET    /system/user                             (getInfo in SysUserController.java)
POST   /system/user                             (add in SysUserController.java)
PUT    /system/user                             (edit in SysUserController.java)
PUT    /system/user/authRole                    (insertAuthRole in SysUserController.java)
GET    /system/user/authRole/{userId}           (authRole in SysUserController.java)
PUT    /system/user/changeStatus                (changeStatus in SysUserController.java)
GET    /system/user/deptTree                    (deptTree in SysUserController.java)
POST   /system/user/export                      (export in SysUserController.java)
POST   /system/user/importData                  (importData in SysUserController.java)
POST   /system/user/importTemplate              (importTemplate in SysUserController.java)
GET    /system/user/list                        (list in SysUserController.java)
GET    /system/user/profile                     (profile in SysProfileController.java)
PUT    /system/user/profile                     (updateProfile in SysProfileController.java)
POST   /system/user/profile/avatar              (avatar in SysProfileController.java)
PUT    /system/user/profile/updatePwd           (updatePwd in SysProfileController.java)
PUT    /system/user/resetPwd                    (resetPwd in SysUserController.java)
DELETE /system/user/{userIds}                   (remove in SysUserController.java)
GET    /test/user/list                          (unknown in TestController.java)
POST   /test/user/save                          (unknown in TestController.java)
PUT    /test/user/update                        (unknown in TestController.java)
GET    /test/user/{userId}                      (unknown in TestController.java)
DELETE /test/user/{userId}                      (unknown in TestController.java)